{"name": "test_open_cart_and_remove_item", "status": "broken", "statusDetails": {"message": "selenium.common.exceptions.TimeoutException: Message: \nStacktrace:\nSymbols not available. Dumping unresolved backtrace:\n\t0x11d4093\n\t0x11d40d4\n\t0xfde71d\n\t0x102a03d\n\t0x102a41b\n\t0x10717f2\n\t0x104c954\n\t0x106ee17\n\t0x104c706\n\t0x101da30\n\t0x101ed54\n\t0x1445744\n\t0x144091a\n\t0x11fc322\n\t0x11ec458\n\t0x11f31dd\n\t0x11dc408\n\t0x11dc5cc\n\t0x11c675a\n\t0x75635d49\n\t0x7719d6db\n\t0x7719d661", "trace": "driver = <selenium.webdriver.chrome.webdriver.WebDriver (session=\"c8c3cdca0fded98d2be41a465f3f46c4\")>\nbase_url = 'https://practicesoftwaretesting.com/'\n\n    def test_open_cart_and_remove_item(driver, base_url):\n        wait = WebDriverWait(driver, 20)\n    \n        # Step 1: Open homepage\n        driver.get(base_url)\n    \n        # Step 2: Click the shopping cart icon using JS click\n>       cart_icon = wait.until(EC.presence_of_element_located((By.XPATH, \"//a[@data-test='nav-cart']\")))\n                    ^^^^^^^^^^^^^^^^^^^^^^^^^^^^^^^^^^^^^^^^^^^^^^^^^^^^^^^^^^^^^^^^^^^^^^^^^^^^^^^^^^^^\n\ntests\\test_addcart.py:14: \n_ _ _ _ _ _ _ _ _ _ _ _ _ _ _ _ _ _ _ _ _ _ _ _ _ _ _ _ _ _ _ _ _ _ _ _ _ _ _ _ _ _ _ _ _ _ _ _ _ _ _ _ _ _ _ _ _ _ _ _ _ _ _ _ _ _ _ _ _ _ _ _ _ _\n\nself = <selenium.webdriver.support.wait.WebDriverWait (session=\"c8c3cdca0fded98d2be41a465f3f46c4\")>\nmethod = <function presence_of_element_located.<locals>._predicate at 0x000001C1FE828D60>, message = ''\n\n    def until(self, method: Callable[[D], Union[Literal[False], T]], message: str = \"\") -> T:\n        \"\"\"Wait until the method returns a value that is not False.\n    \n        Calls the method provided with the driver as an argument until the\n        return value does not evaluate to ``False``.\n    \n        Parameters:\n        -----------\n        method: callable(WebDriver)\n            - A callable object that takes a WebDriver instance as an argument.\n    \n        message: str\n            - Optional message for :exc:`TimeoutException`\n    \n        Return:\n        -------\n        object: T\n            - The result of the last call to `method`\n    \n        Raises:\n        -------\n        TimeoutException\n            - If 'method' does not return a truthy value within the WebDriverWait\n            object's timeout\n    \n        Example:\n        --------\n        >>> from selenium.webdriver.common.by import By\n        >>> from selenium.webdriver.support.ui import WebDriverWait\n        >>> from selenium.webdriver.support import expected_conditions as EC\n    \n        # Wait until an element is visible on the page\n        >>> wait = WebDriverWait(driver, 10)\n        >>> element = wait.until(EC.visibility_of_element_located((By.ID, \"exampleId\")))\n        >>> print(element.text)\n        \"\"\"\n        screen = None\n        stacktrace = None\n    \n        end_time = time.monotonic() + self._timeout\n        while True:\n            try:\n                value = method(self._driver)\n                if value:\n                    return value\n            except self._ignored_exceptions as exc:\n                screen = getattr(exc, \"screen\", None)\n                stacktrace = getattr(exc, \"stacktrace\", None)\n            if time.monotonic() > end_time:\n                break\n            time.sleep(self._poll)\n>       raise TimeoutException(message, screen, stacktrace)\nE       selenium.common.exceptions.TimeoutException: Message: \nE       Stacktrace:\nE       Symbols not available. Dumping unresolved backtrace:\nE       \t0x11d4093\nE       \t0x11d40d4\nE       \t0xfde71d\nE       \t0x102a03d\nE       \t0x102a41b\nE       \t0x10717f2\nE       \t0x104c954\nE       \t0x106ee17\nE       \t0x104c706\nE       \t0x101da30\nE       \t0x101ed54\nE       \t0x1445744\nE       \t0x144091a\nE       \t0x11fc322\nE       \t0x11ec458\nE       \t0x11f31dd\nE       \t0x11dc408\nE       \t0x11dc5cc\nE       \t0x11c675a\nE       \t0x75635d49\nE       \t0x7719d6db\nE       \t0x7719d661\n\n..\\.venv\\Lib\\site-packages\\selenium\\webdriver\\support\\wait.py:138: TimeoutException"}, "attachments": [{"name": "Screenshot", "source": "83381beb-90ef-433a-8dbb-84446c097478-attachment.png", "type": "image/png"}, {"name": "log", "source": "7d58de9b-2e57-4ba4-92ea-36a13d9d4908-attachment.txt", "type": "text/plain"}], "start": 1763337639202, "stop": 1763337666635, "uuid": "f332bc93-8dd6-41a7-bd93-8e0b464a5e70", "historyId": "05811d491b472d415634a03c7467880c", "testCaseId": "05811d491b472d415634a03c7467880c", "fullName": "tests.test_addcart#test_open_cart_and_remove_item", "labels": [{"name": "parentSuite", "value": "tests"}, {"name": "suite", "value": "test_addcart"}, {"name": "host", "value": "ASCINLAP63632"}, {"name": "thread", "value": "23976-MainThread"}, {"name": "framework", "value": "pytest"}, {"name": "language", "value": "cpython3"}, {"name": "package", "value": "tests.test_addcart"}], "titlePath": ["tests", "test_addcart.py"]}